Wed, 17 Jul 2019 11:55:38 +0530
Exception: Too few arguments to function Labels::getLabel(), 1 passed in C:\xampp\htdocs\yokartv8\application\controllers\GuestUserController.php on line 1143 and exactly 2 expected
===================

Wed, 17 Jul 2019 11:55:42 +0530
Exception: Too few arguments to function Labels::getLabel(), 1 passed in C:\xampp\htdocs\yokartv8\application\controllers\GuestUserController.php on line 1143 and exactly 2 expected
===================

Wed, 17 Jul 2019 12:35:14 +0530
Array
(
    [error_no] => 256
    [String] => Arguments Not Specified
    [File] => C:\xampp\htdocs\yokartv8\application\models\ShopCollection.php
    [Line] => 105
    [Context] => Array
        (
            [scollection_id] => 0
            [lang_id] => 1
        )

)

===================

Wed, 17 Jul 2019 13:00:19 +0530
Array
(
    [error_no] => 256
    [String] => Arguments Not Specified
    [File] => C:\xampp\htdocs\yokartv8\application\models\ShopCollection.php
    [Line] => 105
    [Context] => Array
        (
            [scollection_id] => 0
            [lang_id] => 1
        )

)

===================

Wed, 17 Jul 2019 13:05:27 +0530
Array
(
    [error_no] => 256
    [String] => Arguments Not Specified
    [File] => C:\xampp\htdocs\yokartv8\application\models\ShopCollection.php
    [Line] => 105
    [Context] => Array
        (
            [scollection_id] => 0
            [lang_id] => 1
        )

)

===================

Wed, 17 Jul 2019 15:16:51 +0530
Exception: Call to undefined method Message::addErrorMessge()
===================

Wed, 17 Jul 2019 15:19:13 +0530
Exception: Call to undefined method Message::addErrorMessge()
===================

